{"D:\\My Works\\Test\\backend\\app.js": {"path":"D:\\My Works\\Test\\backend\\app.js","statementMap":{"0":{"start":{"line":1,"column":16},"end":{"line":1,"column":34}},"1":{"start":{"line":2,"column":13},"end":{"line":2,"column":28}},"2":{"start":{"line":4,"column":18},"end":{"line":4,"column":47}},"3":{"start":{"line":6,"column":0},"end":{"line":6,"column":32}},"4":{"start":{"line":9,"column":0},"end":{"line":9,"column":23}},"5":{"start":{"line":10,"column":0},"end":{"line":10,"column":44}},"6":{"start":{"line":13,"column":0},"end":{"line":19,"column":2}},"7":{"start":{"line":22,"column":0},"end":{"line":22,"column":22}}},"fnMap":{},"branchMap":{},"s":{"0":1,"1":1,"2":1,"3":1,"4":1,"5":1,"6":1,"7":1},"f":{},"b":{},"_coverageSchema":"1a1c01bbd47fc00a2c39e90264f33305004495a9","hash":"a3c80c4a4b2fbb490a089e522eb0592716e6bc0b"}
,"D:\\My Works\\Test\\backend\\controllers\\userController.js": {"path":"D:\\My Works\\Test\\backend\\controllers\\userController.js","statementMap":{"0":{"start":{"line":1,"column":13},"end":{"line":1,"column":42}},"1":{"start":{"line":5,"column":15},"end":{"line":11,"column":1}},"2":{"start":{"line":6,"column":4},"end":{"line":10,"column":5}},"3":{"start":{"line":7,"column":8},"end":{"line":7,"column":59}},"4":{"start":{"line":14,"column":15},"end":{"line":38,"column":1}},"5":{"start":{"line":15,"column":4},"end":{"line":37,"column":5}},"6":{"start":{"line":16,"column":0},"end":{"line":16,"column":22}},"7":{"start":{"line":17,"column":26},"end":{"line":17,"column":68}},"8":{"start":{"line":18,"column":8},"end":{"line":32,"column":9}},"9":{"start":{"line":19,"column":12},"end":{"line":19,"column":27}},"10":{"start":{"line":20,"column":12},"end":{"line":20,"column":66}},"11":{"start":{"line":22,"column":25},"end":{"line":27,"column":17}},"12":{"start":{"line":29,"column":32},"end":{"line":29,"column":49}},"13":{"start":{"line":30,"column":15},"end":{"line":30,"column":47}},"14":{"start":{"line":31,"column":15},"end":{"line":31,"column":30}},"15":{"start":{"line":35,"column":8},"end":{"line":35,"column":35}},"16":{"start":{"line":36,"column":8},"end":{"line":36,"column":65}},"17":{"start":{"line":40,"column":14},"end":{"line":58,"column":1}},"18":{"start":{"line":41,"column":4},"end":{"line":57,"column":5}},"19":{"start":{"line":43,"column":22},"end":{"line":43,"column":64}},"20":{"start":{"line":45,"column":5},"end":{"line":53,"column":6}},"21":{"start":{"line":46,"column":8},"end":{"line":50,"column":9}},"22":{"start":{"line":47,"column":12},"end":{"line":47,"column":44}},"23":{"start":{"line":49,"column":12},"end":{"line":49,"column":63}},"24":{"start":{"line":52,"column":8},"end":{"line":52,"column":56}},"25":{"start":{"line":56,"column":8},"end":{"line":56,"column":35}},"26":{"start":{"line":62,"column":0},"end":{"line":66,"column":1}}},"fnMap":{"0":{"name":"(anonymous_0)","decl":{"start":{"line":5,"column":15},"end":{"line":5,"column":16}},"loc":{"start":{"line":5,"column":32},"end":{"line":11,"column":1}},"line":5},"1":{"name":"(anonymous_1)","decl":{"start":{"line":14,"column":15},"end":{"line":14,"column":16}},"loc":{"start":{"line":14,"column":32},"end":{"line":38,"column":1}},"line":14},"2":{"name":"(anonymous_2)","decl":{"start":{"line":40,"column":14},"end":{"line":40,"column":15}},"loc":{"start":{"line":40,"column":31},"end":{"line":58,"column":1}},"line":40}},"branchMap":{"0":{"loc":{"start":{"line":18,"column":8},"end":{"line":32,"column":9}},"type":"if","locations":[{"start":{"line":18,"column":8},"end":{"line":32,"column":9}},{"start":{"line":21,"column":13},"end":{"line":32,"column":9}}],"line":18},"1":{"loc":{"start":{"line":45,"column":5},"end":{"line":53,"column":6}},"type":"if","locations":[{"start":{"line":45,"column":5},"end":{"line":53,"column":6}},{"start":{"line":51,"column":10},"end":{"line":53,"column":6}}],"line":45},"2":{"loc":{"start":{"line":46,"column":8},"end":{"line":50,"column":9}},"type":"if","locations":[{"start":{"line":46,"column":8},"end":{"line":50,"column":9}},{"start":{"line":48,"column":13},"end":{"line":50,"column":9}}],"line":46}},"s":{"0":1,"1":1,"2":0,"3":0,"4":1,"5":3,"6":3,"7":3,"8":3,"9":1,"10":1,"11":2,"12":2,"13":1,"14":1,"15":1,"16":1,"17":1,"18":3,"19":3,"20":3,"21":2,"22":1,"23":1,"24":1,"25":0,"26":1},"f":{"0":0,"1":3,"2":3},"b":{"0":[1,2],"1":[2,1],"2":[1,1]},"_coverageSchema":"1a1c01bbd47fc00a2c39e90264f33305004495a9","hash":"ba5dc166fafcffa4437a14835bd19cb4d4f4f49d"}
,"D:\\My Works\\Test\\backend\\model\\userModel.js": {"path":"D:\\My Works\\Test\\backend\\model\\userModel.js","statementMap":{"0":{"start":{"line":1,"column":17},"end":{"line":1,"column":36}},"1":{"start":{"line":3,"column":19},"end":{"line":26,"column":2}},"2":{"start":{"line":28,"column":13},"end":{"line":28,"column":46}},"3":{"start":{"line":30,"column":0},"end":{"line":30,"column":22}}},"fnMap":{},"branchMap":{},"s":{"0":1,"1":1,"2":1,"3":1},"f":{},"b":{},"_coverageSchema":"1a1c01bbd47fc00a2c39e90264f33305004495a9","hash":"d00d9105479f581f36e9a0103d64ce5c75ee987d"}
,"D:\\My Works\\Test\\backend\\routes\\userRoute.js": {"path":"D:\\My Works\\Test\\backend\\routes\\userRoute.js","statementMap":{"0":{"start":{"line":1,"column":16},"end":{"line":1,"column":34}},"1":{"start":{"line":2,"column":19},"end":{"line":2,"column":35}},"2":{"start":{"line":4,"column":23},"end":{"line":4,"column":63}},"3":{"start":{"line":6,"column":0},"end":{"line":6,"column":41}},"4":{"start":{"line":7,"column":0},"end":{"line":7,"column":48}},"5":{"start":{"line":8,"column":0},"end":{"line":8,"column":46}},"6":{"start":{"line":11,"column":0},"end":{"line":11,"column":27}}},"fnMap":{},"branchMap":{},"s":{"0":1,"1":1,"2":1,"3":1,"4":1,"5":1,"6":1},"f":{},"b":{},"_coverageSchema":"1a1c01bbd47fc00a2c39e90264f33305004495a9","hash":"48b9b283450cc21f53c89d169f8e2a4acb9efb94"}
}
